<?xml version="1.0" encoding="UTF-8"?>
<testsuites name="suite test inscription" time="45.426" tests="1" failures="0" errors="0">
   <testsuite name="suite test inscription" tests="1" failures="0" errors="0" time="45.426" skipped="0" timestamp="2021-07-11 00:25:15" hostname="tchanko - LAPTOP-HP.ad.guichetunique.cm" id="Test Suites/suite test inscription">
      <properties>
         <property name="deviceName" value=""/>
         <property name="devicePlatform" value=""/>
         <property name="logFolder" value="C:\\Users\\tchanko\\git\\payonlineguce\\Reports\\20210711_002425\\suite test inscription\\20210711_002425"/>
         <property name="logFiles" value="C:\\Users\\tchanko\\git\\payonlineguce\\Reports\\20210711_002425\\suite test inscription\\20210711_002425\\execution0.log"/>
         <property name="attachments" value=""/>
         <property name="hostName" value="tchanko - LAPTOP-HP.ad.guichetunique.cm"/>
         <property name="os" value="Windows 10 64bit"/>
         <property name="katalonVersion" value="8.0.5.208"/>
         <property name="browser" value="Chrome 91.0.4472.124"/>
         <property name="hostAddress" value="192.168.43.62"/>
         <property name="sessionId" value="30a5000280c4b499ac4f8e333b069e0f"/>
         <property name="seleniumVersion" value="3.141.59"/>
         <property name="proxyInformation" value="ProxyInformation { proxyOption=NO_PROXY, proxyServerType=HTTP, username=, password=********, proxyServerAddress=, proxyServerPort=0, executionList=&quot;&quot;, isApplyToDesiredCapabilities=true }"/>
         <property name="platform" value="Windows 10"/>
      </properties>
      <testcase name="Test Cases/test inscription" time="41.746" classname="Test Cases/test inscription" status="PASSED">
         <system-out><![CDATA[2021-07-11 00:25:17 - [TEST_CASE][PASSED] - Test Cases/test inscription: Test Cases/test inscription

2021-07-11 00:25:20 - [TEST_STEP][PASSED] - openBrowser(""): Browser is opened with url: ''

2021-07-11 00:25:22 - [MESSAGE][INFO] - Starting 'Chrome' driver

2021-07-11 00:25:22 - [MESSAGE][INFO] - Action delay is set to 0 milliseconds

2021-07-11 00:25:30 - [MESSAGE][PASSED] - Browser is opened with url: ''

2021-07-11 00:25:30 - [TEST_STEP][PASSED] - navigateToUrl("https://testepayment.guichetunique.cm/PayOnlineGuce/"): Navigate to 'https://testepayment.guichetunique.cm/PayOnlineGuce/' successfully

2021-07-11 00:25:31 - [MESSAGE][PASSED] - Navigate to 'https://testepayment.guichetunique.cm/PayOnlineGuce/' successfully

2021-07-11 00:25:31 - [TEST_STEP][PASSED] - click(findTestObject("Object Repository/Page_Bienvenue sur PayOnlineGuce/img")): Object: 'Object Repository/Page_Bienvenue sur PayOnlineGuce/img' is clicked on

2021-07-11 00:25:34 - [MESSAGE][PASSED] - Object: 'Object Repository/Page_Bienvenue sur PayOnlineGuce/img' is clicked on

2021-07-11 00:25:34 - [TEST_STEP][PASSED] - click(findTestObject("Object Repository/Page_page de connexion/a_Sinscrire")): Object: 'Object Repository/Page_page de connexion/a_Sinscrire' is clicked on

2021-07-11 00:25:36 - [MESSAGE][PASSED] - Object: 'Object Repository/Page_page de connexion/a_Sinscrire' is clicked on

2021-07-11 00:25:36 - [TEST_STEP][PASSED] - click(findTestObject("Object Repository/Page_Plateforme de paiement en ligne GUCE/span_Chef de Secteur Douane_ui-icon ui-icon_8e4785")): Object: 'Object Repository/Page_Plateforme de paiement en ligne GUCE/span_Chef de Secteur Douane_ui-icon ui-icon_8e4785' is clicked on

2021-07-11 00:25:37 - [MESSAGE][PASSED] - Object: 'Object Repository/Page_Plateforme de paiement en ligne GUCE/span_Chef de Secteur Douane_ui-icon ui-icon_8e4785' is clicked on

2021-07-11 00:25:37 - [TEST_STEP][PASSED] - click(findTestObject("Object Repository/Page_Plateforme de paiement en ligne GUCE/li_Manager")): Object: 'Object Repository/Page_Plateforme de paiement en ligne GUCE/li_Manager' is clicked on

2021-07-11 00:25:38 - [MESSAGE][PASSED] - Object: 'Object Repository/Page_Plateforme de paiement en ligne GUCE/li_Manager' is clicked on

2021-07-11 00:25:38 - [TEST_STEP][PASSED] - click(findTestObject("Object Repository/Page_Plateforme de paiement en ligne GUCE/input_Organisme_inscriptionFormj_idt39")): Object: 'Object Repository/Page_Plateforme de paiement en ligne GUCE/input_Organisme_inscriptionFormj_idt39' is clicked on

2021-07-11 00:25:39 - [MESSAGE][PASSED] - Object: 'Object Repository/Page_Plateforme de paiement en ligne GUCE/input_Organisme_inscriptionFormj_idt39' is clicked on

2021-07-11 00:25:39 - [TEST_STEP][PASSED] - click(findTestObject("Object Repository/Page_Plateforme de paiement en ligne GUCE/div_Manager_ui-selectonemenu-trigger ui-sta_4c18e8")): Object: 'Object Repository/Page_Plateforme de paiement en ligne GUCE/div_Manager_ui-selectonemenu-trigger ui-sta_4c18e8' is clicked on

2021-07-11 00:25:40 - [MESSAGE][PASSED] - Object: 'Object Repository/Page_Plateforme de paiement en ligne GUCE/div_Manager_ui-selectonemenu-trigger ui-sta_4c18e8' is clicked on

2021-07-11 00:25:40 - [TEST_STEP][PASSED] - click(findTestObject("Object Repository/Page_Plateforme de paiement en ligne GUCE/li_Donneur dordre")): Object: 'Object Repository/Page_Plateforme de paiement en ligne GUCE/li_Donneur dordre' is clicked on

2021-07-11 00:25:41 - [MESSAGE][PASSED] - Object: 'Object Repository/Page_Plateforme de paiement en ligne GUCE/li_Donneur dordre' is clicked on

2021-07-11 00:25:41 - [TEST_STEP][PASSED] - click(findTestObject("Object Repository/Page_Plateforme de paiement en ligne GUCE/span_Chef de Secteur Douane_ui-icon ui-icon_8e4785")): Object: 'Object Repository/Page_Plateforme de paiement en ligne GUCE/span_Chef de Secteur Douane_ui-icon ui-icon_8e4785' is clicked on

2021-07-11 00:25:42 - [MESSAGE][PASSED] - Object: 'Object Repository/Page_Plateforme de paiement en ligne GUCE/span_Chef de Secteur Douane_ui-icon ui-icon_8e4785' is clicked on

2021-07-11 00:25:42 - [TEST_STEP][PASSED] - click(findTestObject("Object Repository/Page_Plateforme de paiement en ligne GUCE/li_Agent de caisse")): Object: 'Object Repository/Page_Plateforme de paiement en ligne GUCE/li_Agent de caisse' is clicked on

2021-07-11 00:25:43 - [MESSAGE][PASSED] - Object: 'Object Repository/Page_Plateforme de paiement en ligne GUCE/li_Agent de caisse' is clicked on

2021-07-11 00:25:43 - [TEST_STEP][PASSED] - setText(findTestObject("Object Repository/Page_Plateforme de paiement en ligne GUCE/input__inscriptionFormlogintxt"), "lolo"): Text 'lolo' is set on object 'Object Repository/Page_Plateforme de paiement en ligne GUCE/input__inscriptionFormlogintxt'

2021-07-11 00:25:44 - [MESSAGE][PASSED] - Text 'lolo' is set on object 'Object Repository/Page_Plateforme de paiement en ligne GUCE/input__inscriptionFormlogintxt'

2021-07-11 00:25:44 - [TEST_STEP][PASSED] - setEncryptedText(findTestObject("Object Repository/Page_Plateforme de paiement en ligne GUCE/input__inscriptionFormmptxt"), "17d/rLaWffU="): Text ****** has been set on object 'Object Repository/Page_Plateforme de paiement en ligne GUCE/input__inscriptionFormmptxt'

2021-07-11 00:25:45 - [MESSAGE][PASSED] - Text ****** has been set on object 'Object Repository/Page_Plateforme de paiement en ligne GUCE/input__inscriptionFormmptxt'

2021-07-11 00:25:45 - [TEST_STEP][PASSED] - setEncryptedText(findTestObject("Object Repository/Page_Plateforme de paiement en ligne GUCE/input__inscriptionFormremptxt"), "u0Z05ZuAXd0="): Text ****** has been set on object 'Object Repository/Page_Plateforme de paiement en ligne GUCE/input__inscriptionFormremptxt'

2021-07-11 00:25:46 - [MESSAGE][PASSED] - Text ****** has been set on object 'Object Repository/Page_Plateforme de paiement en ligne GUCE/input__inscriptionFormremptxt'

2021-07-11 00:25:46 - [TEST_STEP][PASSED] - setEncryptedText(findTestObject("Object Repository/Page_Plateforme de paiement en ligne GUCE/input__inscriptionFormmptxt"), "rQ/5W/QE9QXqXj0Ia7KwKA=="): Text ****** has been set on object 'Object Repository/Page_Plateforme de paiement en ligne GUCE/input__inscriptionFormmptxt'

2021-07-11 00:25:47 - [MESSAGE][PASSED] - Text ****** has been set on object 'Object Repository/Page_Plateforme de paiement en ligne GUCE/input__inscriptionFormmptxt'

2021-07-11 00:25:47 - [TEST_STEP][PASSED] - setEncryptedText(findTestObject("Object Repository/Page_Plateforme de paiement en ligne GUCE/input__inscriptionFormremptxt"), "rQ/5W/QE9QXqXj0Ia7KwKA=="): Text ****** has been set on object 'Object Repository/Page_Plateforme de paiement en ligne GUCE/input__inscriptionFormremptxt'

2021-07-11 00:25:48 - [MESSAGE][PASSED] - Text ****** has been set on object 'Object Repository/Page_Plateforme de paiement en ligne GUCE/input__inscriptionFormremptxt'

2021-07-11 00:25:48 - [TEST_STEP][PASSED] - setText(findTestObject("Object Repository/Page_Plateforme de paiement en ligne GUCE/input_Nom_inscriptionFormj_idt87"), "NANi"): Text 'NANi' is set on object 'Object Repository/Page_Plateforme de paiement en ligne GUCE/input_Nom_inscriptionFormj_idt87'

2021-07-11 00:25:49 - [MESSAGE][PASSED] - Text 'NANi' is set on object 'Object Repository/Page_Plateforme de paiement en ligne GUCE/input_Nom_inscriptionFormj_idt87'

2021-07-11 00:25:49 - [TEST_STEP][PASSED] - setText(findTestObject("Object Repository/Page_Plateforme de paiement en ligne GUCE/input_Prnom_inscriptionFormj_idt91"), "TCHANKO"): Text 'TCHANKO' is set on object 'Object Repository/Page_Plateforme de paiement en ligne GUCE/input_Prnom_inscriptionFormj_idt91'

2021-07-11 00:25:50 - [MESSAGE][PASSED] - Text 'TCHANKO' is set on object 'Object Repository/Page_Plateforme de paiement en ligne GUCE/input_Prnom_inscriptionFormj_idt91'

2021-07-11 00:25:50 - [TEST_STEP][PASSED] - setText(findTestObject("Object Repository/Page_Plateforme de paiement en ligne GUCE/input_Adresse_inscriptionFormj_idt95"), "bonapriiso"): Text 'bonapriiso' is set on object 'Object Repository/Page_Plateforme de paiement en ligne GUCE/input_Adresse_inscriptionFormj_idt95'

2021-07-11 00:25:51 - [MESSAGE][PASSED] - Text 'bonapriiso' is set on object 'Object Repository/Page_Plateforme de paiement en ligne GUCE/input_Adresse_inscriptionFormj_idt95'

2021-07-11 00:25:51 - [TEST_STEP][PASSED] - setText(findTestObject("Object Repository/Page_Plateforme de paiement en ligne GUCE/input_Boite Postale_inscriptionFormj_idt99"), "1749"): Text '1749' is set on object 'Object Repository/Page_Plateforme de paiement en ligne GUCE/input_Boite Postale_inscriptionFormj_idt99'

2021-07-11 00:25:52 - [MESSAGE][PASSED] - Text '1749' is set on object 'Object Repository/Page_Plateforme de paiement en ligne GUCE/input_Boite Postale_inscriptionFormj_idt99'

2021-07-11 00:25:52 - [TEST_STEP][PASSED] - setText(findTestObject("Object Repository/Page_Plateforme de paiement en ligne GUCE/input_Ville_inscriptionFormj_idt103"), "Douala"): Text 'Douala' is set on object 'Object Repository/Page_Plateforme de paiement en ligne GUCE/input_Ville_inscriptionFormj_idt103'

2021-07-11 00:25:53 - [MESSAGE][PASSED] - Text 'Douala' is set on object 'Object Repository/Page_Plateforme de paiement en ligne GUCE/input_Ville_inscriptionFormj_idt103'

2021-07-11 00:25:53 - [TEST_STEP][PASSED] - setText(findTestObject("Object Repository/Page_Plateforme de paiement en ligne GUCE/input_Tlphone_inscriptionFormj_idt107"), "679644704"): Text '679644704' is set on object 'Object Repository/Page_Plateforme de paiement en ligne GUCE/input_Tlphone_inscriptionFormj_idt107'

2021-07-11 00:25:55 - [MESSAGE][PASSED] - Text '679644704' is set on object 'Object Repository/Page_Plateforme de paiement en ligne GUCE/input_Tlphone_inscriptionFormj_idt107'

2021-07-11 00:25:55 - [TEST_STEP][PASSED] - setText(findTestObject("Object Repository/Page_Plateforme de paiement en ligne GUCE/input_Mail_inscriptionFormj_idt111"), "rousseltchanko@gmail.com"): Text 'rousseltchanko@gmail.com' is set on object 'Object Repository/Page_Plateforme de paiement en ligne GUCE/input_Mail_inscriptionFormj_idt111'

2021-07-11 00:25:56 - [MESSAGE][PASSED] - Text 'rousseltchanko@gmail.com' is set on object 'Object Repository/Page_Plateforme de paiement en ligne GUCE/input_Mail_inscriptionFormj_idt111'

2021-07-11 00:25:56 - [TEST_STEP][PASSED] - click(findTestObject("Object Repository/Page_Plateforme de paiement en ligne GUCE/span_Envoyer")): Object: 'Object Repository/Page_Plateforme de paiement en ligne GUCE/span_Envoyer' is clicked on

2021-07-11 00:25:56 - [MESSAGE][PASSED] - Object: 'Object Repository/Page_Plateforme de paiement en ligne GUCE/span_Envoyer' is clicked on

2021-07-11 00:25:56 - [TEST_STEP][PASSED] - click(findTestObject("Object Repository/Page_Plateforme de paiement en ligne GUCE/span_oui")): Object: 'Object Repository/Page_Plateforme de paiement en ligne GUCE/span_oui' is clicked on

2021-07-11 00:25:57 - [MESSAGE][PASSED] - Object: 'Object Repository/Page_Plateforme de paiement en ligne GUCE/span_oui' is clicked on

2021-07-11 00:25:57 - [TEST_STEP][PASSED] - closeBrowser(): Browser is closed

2021-07-11 00:25:59 - [MESSAGE][PASSED] - Browser is closed]]></system-out>
         <system-err><![CDATA[]]></system-err>
      </testcase>
      <system-out><![CDATA[2021-07-11 00:25:15 - [TEST_SUITE][PASSED] - suite test inscription: Test Cases/test inscription]]></system-out>
      <system-err><![CDATA[]]></system-err>
   </testsuite>
</testsuites>
