<?xml version="1.0" encoding="UTF-8"?>
<testsuites name="suite du test de fonctionnement" time="25.622" tests="1" failures="0" errors="0">
   <testsuite name="suite du test de fonctionnement" tests="1" failures="0" errors="0" time="25.622" skipped="0" timestamp="2021-07-10 23:56:37" hostname="tchanko - LAPTOP-HP.ad.guichetunique.cm" id="Test Suites/suite du test de fonctionnement">
      <properties>
         <property name="deviceName" value=""/>
         <property name="devicePlatform" value=""/>
         <property name="logFolder" value="C:\\Users\\tchanko\\git\\payonlineguce\\Reports\\20210710_235547\\suite du test de fonctionnement\\20210710_235547"/>
         <property name="logFiles" value="C:\\Users\\tchanko\\git\\payonlineguce\\Reports\\20210710_235547\\suite du test de fonctionnement\\20210710_235547\\execution0.log"/>
         <property name="attachments" value=""/>
         <property name="hostName" value="tchanko - LAPTOP-HP.ad.guichetunique.cm"/>
         <property name="os" value="Windows 10 64bit"/>
         <property name="katalonVersion" value="8.0.5.208"/>
         <property name="browser" value="Chrome 91.0.4472.124"/>
         <property name="hostAddress" value="192.168.43.62"/>
         <property name="sessionId" value="bf842cec1ac7b25f9507789eea9015ed"/>
         <property name="seleniumVersion" value="3.141.59"/>
         <property name="proxyInformation" value="ProxyInformation { proxyOption=NO_PROXY, proxyServerType=HTTP, username=, password=********, proxyServerAddress=, proxyServerPort=0, executionList=&quot;&quot;, isApplyToDesiredCapabilities=true }"/>
         <property name="platform" value="Windows 10"/>
      </properties>
      <testcase name="Test Cases/test de fonctionnement" time="22.057" classname="Test Cases/test de fonctionnement" status="PASSED">
         <system-out><![CDATA[2021-07-10 23:56:38 - [TEST_CASE][PASSED] - Test Cases/test de fonctionnement: Test Cases/test de fonctionnement

2021-07-10 23:56:41 - [TEST_STEP][PASSED] - openBrowser(""): Browser is opened with url: ''

2021-07-10 23:56:44 - [MESSAGE][INFO] - Starting 'Chrome' driver

2021-07-10 23:56:44 - [MESSAGE][INFO] - Action delay is set to 0 milliseconds

2021-07-10 23:56:52 - [MESSAGE][PASSED] - Browser is opened with url: ''

2021-07-10 23:56:52 - [TEST_STEP][PASSED] - navigateToUrl("https://testepayment.guichetunique.cm/PayOnlineGuce/"): Navigate to 'https://testepayment.guichetunique.cm/PayOnlineGuce/' successfully

2021-07-10 23:56:53 - [MESSAGE][PASSED] - Navigate to 'https://testepayment.guichetunique.cm/PayOnlineGuce/' successfully

2021-07-10 23:56:53 - [TEST_STEP][PASSED] - click(findTestObject("Object Repository/Page_Bienvenue sur PayOnlineGuce/img")): Object: 'Object Repository/Page_Bienvenue sur PayOnlineGuce/img' is clicked on

2021-07-10 23:56:55 - [MESSAGE][PASSED] - Object: 'Object Repository/Page_Bienvenue sur PayOnlineGuce/img' is clicked on

2021-07-10 23:56:55 - [TEST_STEP][PASSED] - click(findTestObject("Object Repository/Page_page de connexion/a_English")): Object: 'Object Repository/Page_page de connexion/a_English' is clicked on

2021-07-10 23:56:57 - [MESSAGE][PASSED] - Object: 'Object Repository/Page_page de connexion/a_English' is clicked on

2021-07-10 23:56:57 - [TEST_STEP][PASSED] - click(findTestObject("Object Repository/Page_page de connexion/a_Franais")): Object: 'Object Repository/Page_page de connexion/a_Franais' is clicked on

2021-07-10 23:56:58 - [MESSAGE][PASSED] - Object: 'Object Repository/Page_page de connexion/a_Franais' is clicked on

2021-07-10 23:56:58 - [TEST_STEP][PASSED] - click(findTestObject("Object Repository/Page_page de connexion/a_Accueil")): Object: 'Object Repository/Page_page de connexion/a_Accueil' is clicked on

2021-07-10 23:56:59 - [MESSAGE][PASSED] - Object: 'Object Repository/Page_page de connexion/a_Accueil' is clicked on

2021-07-10 23:56:59 - [TEST_STEP][PASSED] - closeBrowser(): Browser is closed

2021-07-10 23:57:00 - [MESSAGE][PASSED] - Browser is closed]]></system-out>
         <system-err><![CDATA[]]></system-err>
      </testcase>
      <system-out><![CDATA[2021-07-10 23:56:37 - [TEST_SUITE][PASSED] - suite du test de fonctionnement: Test Cases/test de fonctionnement]]></system-out>
      <system-err><![CDATA[]]></system-err>
   </testsuite>
</testsuites>
